<?xml version="1.0" encoding="UTF-8"?>
<testsuite xmlns:xsi="http://www.w3.org/2001/XMLSchema-instance" xsi:noNamespaceSchemaLocation="https://maven.apache.org/surefire/maven-surefire-plugin/xsd/surefire-test-report-3.0.xsd" version="3.0" name="steps.RunTest" time="52.637" tests="4" errors="2" skipped="1" failures="0">
  <properties>
[...]
</properties>
  <testcase name="Given I go to main page" classname="Scenario: I want to login with correct creds" time="0.003">
    <system-out><![CDATA[Feature: I want to test login
2020-12-10 14:46:40,367 [main]INFO  i.g.bonigarcia.wdm.WebDriverManager - Using geckodriver 0.27.0 (since Mozilla Firefox 79 is installed in your machine)
2020-12-10 14:46:40,444 [main]INFO  i.g.bonigarcia.wdm.WebDriverManager - Exporting webdriver.gecko.driver as C:\Users\Guest User\.m2\repository\webdriver\geckodriver\win64\0.27.0\geckodriver.exe
]]></system-out>
    <system-err><![CDATA[1607600801704	geckodriver	INFO	Listening on 127.0.0.1:20095
1607600803390	mozrunner::runner	INFO	Running command: "C:\\Program Files (x86)\\Mozilla Firefox\\firefox.exe" "--marionette" "-headless" "-foreground" "-no-remote" "-profile" "C:\\Users\\GUESTU~1\\AppData\\Local\\Temp\\rust_mozprofilez0OBHI"
*** You are running in headless mode.
JavaScript error: resource://gre/modules/XULStore.jsm, line 66: Error: Can't find profile directory.
console.error: SearchCache: "_readCacheFile: Error reading cache file:" (new Error("", "(unknown module)"))
1607600811899	Marionette	INFO	Listening on port 19837
1607600811990	Marionette	WARN	TLS certificate errors will be ignored for this session
дек 10, 2020 2:46:52 PM org.openqa.selenium.remote.ProtocolHandshake createSession
INFO: Detected dialect: W3C
console.error: Region.jsm: "Error fetching region" (new AbortError("The operation was aborted. ", (void 0), 636))
console.error: Region.jsm: "Failed to fetch region" (new Error("NO_RESULT", "resource://gre/modules/Region.jsm", 343))
]]></system-err>
  </testcase>
  <testcase name="When I login as &quot;test&quot; with email &quot;test@test.ru&quot;" classname="Scenario: I want to login with correct creds" time="0.035">
    <error message="Expected condition failed: waiting for visibility of all elements located by By.xpath: //*[@data-ng-model=&apos;newUser.name&apos;] (tried for 15 second(s) with 500 milliseconds interval)&#10;Build info: version: &apos;3.141.59&apos;, revision: &apos;e82be7d358&apos;, time: &apos;2018-11-14T08:17:03&apos;&#10;System info: host: &apos;MACBOOK&apos;, ip: &apos;192.168.43.36&apos;, os.name: &apos;Windows 10&apos;, os.arch: &apos;amd64&apos;, os.version: &apos;10.0&apos;, java.version: &apos;1.8.0_171&apos;&#10;Driver info: org.openqa.selenium.firefox.FirefoxDriver&#10;Capabilities {acceptInsecureCerts: true, browserName: firefox, browserVersion: 79.0, javascriptEnabled: true, moz:accessibilityChecks: false, moz:buildID: 20200720193547, moz:geckodriverVersion: 0.27.0, moz:headless: true, moz:processID: 15688, moz:profile: C:\Users\Guest User\AppData..., moz:shutdownTimeout: 60000, moz:useNonSpecCompliantPointerOrigin: false, moz:webdriverClick: true, pageLoadStrategy: normal, platform: WINDOWS, platformName: WINDOWS, platformVersion: 10.0, rotatable: false, setWindowRect: true, strictFileInteractability: false, timeouts: {implicit: 0, pageLoad: 300000, script: 30000}, unhandledPromptBehavior: dismiss and notify}&#10;Session ID: b7c70b1d-d732-4f22-a7e2-6e01208eab57" type="org.openqa.selenium.TimeoutException"><![CDATA[org.openqa.selenium.TimeoutException: 
Expected condition failed: waiting for visibility of all elements located by By.xpath: //*[@data-ng-model='newUser.name'] (tried for 15 second(s) with 500 milliseconds interval)
Build info: version: '3.141.59', revision: 'e82be7d358', time: '2018-11-14T08:17:03'
System info: host: 'MACBOOK', ip: '192.168.43.36', os.name: 'Windows 10', os.arch: 'amd64', os.version: '10.0', java.version: '1.8.0_171'
Driver info: org.openqa.selenium.firefox.FirefoxDriver
Capabilities {acceptInsecureCerts: true, browserName: firefox, browserVersion: 79.0, javascriptEnabled: true, moz:accessibilityChecks: false, moz:buildID: 20200720193547, moz:geckodriverVersion: 0.27.0, moz:headless: true, moz:processID: 15688, moz:profile: C:\Users\Guest User\AppData..., moz:shutdownTimeout: 60000, moz:useNonSpecCompliantPointerOrigin: false, moz:webdriverClick: true, pageLoadStrategy: normal, platform: WINDOWS, platformName: WINDOWS, platformVersion: 10.0, rotatable: false, setWindowRect: true, strictFileInteractability: false, timeouts: {implicit: 0, pageLoad: 300000, script: 30000}, unhandledPromptBehavior: dismiss and notify}
Session ID: b7c70b1d-d732-4f22-a7e2-6e01208eab57
]]></error>
  </testcase>
  <testcase name="" classname="Scenario: I want to login with correct creds" time="0.048">
    <error message="Expected condition failed: waiting for visibility of all elements located by By.xpath: //*[@data-ng-model=&apos;newUser.name&apos;] (tried for 15 second(s) with 500 milliseconds interval)&#10;Build info: version: &apos;3.141.59&apos;, revision: &apos;e82be7d358&apos;, time: &apos;2018-11-14T08:17:03&apos;&#10;System info: host: &apos;MACBOOK&apos;, ip: &apos;192.168.43.36&apos;, os.name: &apos;Windows 10&apos;, os.arch: &apos;amd64&apos;, os.version: &apos;10.0&apos;, java.version: &apos;1.8.0_171&apos;&#10;Driver info: org.openqa.selenium.firefox.FirefoxDriver&#10;Capabilities {acceptInsecureCerts: true, browserName: firefox, browserVersion: 79.0, javascriptEnabled: true, moz:accessibilityChecks: false, moz:buildID: 20200720193547, moz:geckodriverVersion: 0.27.0, moz:headless: true, moz:processID: 15688, moz:profile: C:\Users\Guest User\AppData..., moz:shutdownTimeout: 60000, moz:useNonSpecCompliantPointerOrigin: false, moz:webdriverClick: true, pageLoadStrategy: normal, platform: WINDOWS, platformName: WINDOWS, platformVersion: 10.0, rotatable: false, setWindowRect: true, strictFileInteractability: false, timeouts: {implicit: 0, pageLoad: 300000, script: 30000}, unhandledPromptBehavior: dismiss and notify}&#10;Session ID: b7c70b1d-d732-4f22-a7e2-6e01208eab57" type="org.openqa.selenium.TimeoutException"><![CDATA[org.openqa.selenium.TimeoutException: 
Expected condition failed: waiting for visibility of all elements located by By.xpath: //*[@data-ng-model='newUser.name'] (tried for 15 second(s) with 500 milliseconds interval)
Build info: version: '3.141.59', revision: 'e82be7d358', time: '2018-11-14T08:17:03'
System info: host: 'MACBOOK', ip: '192.168.43.36', os.name: 'Windows 10', os.arch: 'amd64', os.version: '10.0', java.version: '1.8.0_171'
Driver info: org.openqa.selenium.firefox.FirefoxDriver
Capabilities {acceptInsecureCerts: true, browserName: firefox, browserVersion: 79.0, javascriptEnabled: true, moz:accessibilityChecks: false, moz:buildID: 20200720193547, moz:geckodriverVersion: 0.27.0, moz:headless: true, moz:processID: 15688, moz:profile: C:\Users\Guest User\AppData..., moz:shutdownTimeout: 60000, moz:useNonSpecCompliantPointerOrigin: false, moz:webdriverClick: true, pageLoadStrategy: normal, platform: WINDOWS, platformName: WINDOWS, platformVersion: 10.0, rotatable: false, setWindowRect: true, strictFileInteractability: false, timeouts: {implicit: 0, pageLoad: 300000, script: 30000}, unhandledPromptBehavior: dismiss and notify}
Session ID: b7c70b1d-d732-4f22-a7e2-6e01208eab57
]]></error>
  </testcase>
  <testcase name="Then I should see the client name &quot;test&quot;" classname="Scenario: I want to login with correct creds" time="0">
    <skipped/>
  </testcase>
</testsuite>